# JRE version: Java(TM) SE Runtime Environment (7.0_79-b15) (build 1.7.0_79-b15)
# Java VM: Java HotSpot(TM) 64-Bit Server VM (24.79-b02 mixed mode bsd-amd64 compressed oops)
Heap
 PSYoungGen      total 79872K, used 65338K [0x00000007eaa80000, 0x00000007f4f80000, 0x0000000800000000)
  eden space 67072K, 78% used [0x00000007eaa80000,0x00000007eddd1ee8,0x00000007eec00000)
  from space 12800K, 99% used [0x00000007eec00000,0x00000007ef87cbb0,0x00000007ef880000)
  to   space 17408K, 0% used [0x00000007f3e80000,0x00000007f3e80000,0x00000007f4f80000)
 ParOldGen       total 87040K, used 27503K [0x00000007c0000000, 0x00000007c5500000, 0x00000007eaa80000)
  object space 87040K, 31% used [0x00000007c0000000,0x00000007c1adbf00,0x00000007c5500000)
 PSPermGen       total 21504K, used 6091K [0x00000007bae00000, 0x00000007bc300000, 0x00000007c0000000)
  object space 21504K, 28% used [0x00000007bae00000,0x00000007bb3f2c78,0x00000007bc300000)
GC Heap History (10 events):
Event: 7.769 GC heap before
{Heap before GC invocations=3 (full 0):
 PSYoungGen      total 38912K, used 38894K [0x00000007eaa80000, 0x00000007ed580000, 0x0000000800000000)
  eden space 33792K, 100% used [0x00000007eaa80000,0x00000007ecb80000,0x00000007ecb80000)
  from space 5120K, 99% used [0x00000007ed080000,0x00000007ed57bbe8,0x00000007ed580000)
  to   space 5120K, 0% used [0x00000007ecb80000,0x00000007ecb80000,0x00000007ed080000)
 ParOldGen       total 87040K, used 5237K [0x00000007c0000000, 0x00000007c5500000, 0x00000007eaa80000)
  object space 87040K, 6% used [0x00000007c0000000,0x00000007c051d770,0x00000007c5500000)
 PSPermGen       total 21504K, used 5936K [0x00000007bae00000, 0x00000007bc300000, 0x00000007c0000000)
  object space 21504K, 27% used [0x00000007bae00000,0x00000007bb3cc130,0x00000007bc300000)
Event: 7.796 GC heap after
Heap after GC invocations=3 (full 0):
 PSYoungGen      total 38912K, used 5094K [0x00000007eaa80000, 0x00000007ed580000, 0x0000000800000000)
  eden space 33792K, 0% used [0x00000007eaa80000,0x00000007eaa80000,0x00000007ecb80000)
  from space 5120K, 99% used [0x00000007ecb80000,0x00000007ed079978,0x00000007ed080000)
  to   space 5120K, 0% used [0x00000007ed080000,0x00000007ed080000,0x00000007ed580000)
 ParOldGen       total 87040K, used 10586K [0x00000007c0000000, 0x00000007c5500000, 0x00000007eaa80000)
  object space 87040K, 12% used [0x00000007c0000000,0x00000007c0a56910,0x00000007c5500000)
 PSPermGen       total 21504K, used 5936K [0x00000007bae00000, 0x00000007bc300000, 0x00000007c0000000)
  object space 21504K, 27% used [0x00000007bae00000,0x00000007bb3cc130,0x00000007bc300000)
}
Event: 9.322 GC heap before
{Heap before GC invocations=4 (full 0):
 PSYoungGen      total 38912K, used 38886K [0x00000007eaa80000, 0x00000007ed580000, 0x0000000800000000)
  eden space 33792K, 100% used [0x00000007eaa80000,0x00000007ecb80000,0x00000007ecb80000)
  from space 5120K, 99% used [0x00000007ecb80000,0x00000007ed079978,0x00000007ed080000)
  to   space 5120K, 0% used [0x00000007ed080000,0x00000007ed080000,0x00000007ed580000)
 ParOldGen       total 87040K, used 10586K [0x00000007c0000000, 0x00000007c5500000, 0x00000007eaa80000)
  object space 87040K, 12% used [0x00000007c0000000,0x00000007c0a56910,0x00000007c5500000)
 PSPermGen       total 21504K, used 5962K [0x00000007bae00000, 0x00000007bc300000, 0x00000007c0000000)
  object space 21504K, 27% used [0x00000007bae00000,0x00000007bb3d29a8,0x00000007bc300000)
Event: 9.340 GC heap after
Heap after GC invocations=4 (full 0):
 PSYoungGen      total 38912K, used 5092K [0x00000007eaa80000, 0x00000007ed580000, 0x0000000800000000)
  eden space 33792K, 0% used [0x00000007eaa80000,0x00000007eaa80000,0x00000007ecb80000)
  from space 5120K, 99% used [0x00000007ed080000,0x00000007ed579048,0x00000007ed580000)
  to   space 5120K, 0% used [0x00000007ecb80000,0x00000007ecb80000,0x00000007ed080000)
 ParOldGen       total 87040K, used 15971K [0x00000007c0000000, 0x00000007c5500000, 0x00000007eaa80000)
  object space 87040K, 18% used [0x00000007c0000000,0x00000007c0f98cc0,0x00000007c5500000)
 PSPermGen       total 21504K, used 5962K [0x00000007bae00000, 0x00000007bc300000, 0x00000007c0000000)
  object space 21504K, 27% used [0x00000007bae00000,0x00000007bb3d29a8,0x00000007bc300000)
}
Event: 11.436 GC heap before
{Heap before GC invocations=5 (full 0):
 PSYoungGen      total 38912K, used 38884K [0x00000007eaa80000, 0x00000007ed580000, 0x0000000800000000)
  eden space 33792K, 100% used [0x00000007eaa80000,0x00000007ecb80000,0x00000007ecb80000)
  from space 5120K, 99% used [0x00000007ed080000,0x00000007ed579048,0x00000007ed580000)
  to   space 5120K, 0% used [0x00000007ecb80000,0x00000007ecb80000,0x00000007ed080000)
 ParOldGen       total 87040K, used 15971K [0x00000007c0000000, 0x00000007c5500000, 0x00000007eaa80000)
  object space 87040K, 18% used [0x00000007c0000000,0x00000007c0f98cc0,0x00000007c5500000)
 PSPermGen       total 21504K, used 5984K [0x00000007bae00000, 0x00000007bc300000, 0x00000007c0000000)
  object space 21504K, 27% used [0x00000007bae00000,0x00000007bb3d8028,0x00000007bc300000)
Event: 11.462 GC heap after
Heap after GC invocations=5 (full 0):
 PSYoungGen      total 38912K, used 5110K [0x00000007eaa80000, 0x00000007f0480000, 0x0000000800000000)
  eden space 33792K, 0% used [0x00000007eaa80000,0x00000007eaa80000,0x00000007ecb80000)
  from space 5120K, 99% used [0x00000007ecb80000,0x00000007ed07d8d8,0x00000007ed080000)
  to   space 12288K, 0% used [0x00000007ef880000,0x00000007ef880000,0x00000007f0480000)
 ParOldGen       total 87040K, used 20465K [0x00000007c0000000, 0x00000007c5500000, 0x00000007eaa80000)
  object space 87040K, 23% used [0x00000007c0000000,0x00000007c13fc648,0x00000007c5500000)
 PSPermGen       total 21504K, used 5984K [0x00000007bae00000, 0x00000007bc300000, 0x00000007c0000000)
  object space 21504K, 27% used [0x00000007bae00000,0x00000007bb3d8028,0x00000007bc300000)
}
Event: 12.869 GC heap before
{Heap before GC invocations=6 (full 0):
 PSYoungGen      total 38912K, used 38902K [0x00000007eaa80000, 0x00000007f0480000, 0x0000000800000000)
  eden space 33792K, 100% used [0x00000007eaa80000,0x00000007ecb80000,0x00000007ecb80000)
  from space 5120K, 99% used [0x00000007ecb80000,0x00000007ed07d8d8,0x00000007ed080000)
  to   space 12288K, 0% used [0x00000007ef880000,0x00000007ef880000,0x00000007f0480000)
 ParOldGen       total 87040K, used 20465K [0x00000007c0000000, 0x00000007c5500000, 0x00000007eaa80000)
  object space 87040K, 23% used [0x00000007c0000000,0x00000007c13fc648,0x00000007c5500000)
 PSPermGen       total 21504K, used 6002K [0x00000007bae00000, 0x00000007bc300000, 0x00000007c0000000)
  object space 21504K, 27% used [0x00000007bae00000,0x00000007bb3dcbc0,0x00000007bc300000)
Event: 12.901 GC heap after
Heap after GC invocations=6 (full 0):
 PSYoungGen      total 79360K, used 10397K [0x00000007eaa80000, 0x00000007f0580000, 0x0000000800000000)
  eden space 67072K, 0% used [0x00000007eaa80000,0x00000007eaa80000,0x00000007eec00000)
  from space 12288K, 84% used [0x00000007ef880000,0x00000007f02a7600,0x00000007f0480000)
  to   space 12800K, 0% used [0x00000007eec00000,0x00000007eec00000,0x00000007ef880000)
 ParOldGen       total 87040K, used 20465K [0x00000007c0000000, 0x00000007c5500000, 0x00000007eaa80000)
  object space 87040K, 23% used [0x00000007c0000000,0x00000007c13fc648,0x00000007c5500000)
 PSPermGen       total 21504K, used 6002K [0x00000007bae00000, 0x00000007bc300000, 0x00000007c0000000)
  object space 21504K, 27% used [0x00000007bae00000,0x00000007bb3dcbc0,0x00000007bc300000)
}
Event: 16.132 GC heap before
{Heap before GC invocations=7 (full 0):
 PSYoungGen      total 79360K, used 77469K [0x00000007eaa80000, 0x00000007f0580000, 0x0000000800000000)
  eden space 67072K, 100% used [0x00000007eaa80000,0x00000007eec00000,0x00000007eec00000)
  from space 12288K, 84% used [0x00000007ef880000,0x00000007f02a7600,0x00000007f0480000)
  to   space 12800K, 0% used [0x00000007eec00000,0x00000007eec00000,0x00000007ef880000)
 ParOldGen       total 87040K, used 20465K [0x00000007c0000000, 0x00000007c5500000, 0x00000007eaa80000)
  object space 87040K, 23% used [0x00000007c0000000,0x00000007c13fc648,0x00000007c5500000)
 PSPermGen       total 21504K, used 6021K [0x00000007bae00000, 0x00000007bc300000, 0x00000007c0000000)
  object space 21504K, 28% used [0x00000007bae00000,0x00000007bb3e1670,0x00000007bc300000)
Event: 16.170 GC heap after
Heap after GC invocations=7 (full 0):
 PSYoungGen      total 79872K, used 12786K [0x00000007eaa80000, 0x00000007f4f80000, 0x0000000800000000)
  eden space 67072K, 0% used [0x00000007eaa80000,0x00000007eaa80000,0x00000007eec00000)
  from space 12800K, 99% used [0x00000007eec00000,0x00000007ef87cbb0,0x00000007ef880000)
  to   space 17408K, 0% used [0x00000007f3e80000,0x00000007f3e80000,0x00000007f4f80000)
 ParOldGen       total 87040K, used 27503K [0x00000007c0000000, 0x00000007c5500000, 0x00000007eaa80000)
  object space 87040K, 31% used [0x00000007c0000000,0x00000007c1adbf00,0x00000007c5500000)
 PSPermGen       total 21504K, used 6021K [0x00000007bae00000, 0x00000007bc300000, 0x00000007c0000000)
  object space 21504K, 28% used [0x00000007bae00000,0x00000007bb3e1670,0x00000007bc300000)
}

